<?xml version="1.0" encoding="UTF-8"?>
<testsuite name="com.homework.test.AddItemTest" tests="1" skipped="0" failures="0" errors="0" timestamp="2025-09-25T19:40:24.982Z" hostname="Mac.lan" time="1.955">
  <properties/>
  <testcase name="addItemToShoppingCart" classname="com.homework.test.AddItemTest" time="1.955"/>
  <system-out><![CDATA[22:40:23.631 [Test worker] INFO  com.homework.test.TestBase -- Start testaddItemToShoppingCart
22:40:26.939 [Test worker] INFO  com.homework.test.TestBase -- PassedaddItemToShoppingCart
22:40:26.939 [Test worker] INFO  com.homework.test.TestBase -- Stop test
22:40:26.939 [Test worker] INFO  com.homework.test.TestBase -- *********************************
]]></system-out>
  <system-err><![CDATA[]]></system-err>
</testsuite>
