<?xml version="1.0" encoding="UTF-8"?>
<testsuite name="com.homework.test.DeleteItem" tests="1" skipped="0" failures="0" errors="0" timestamp="2025-09-26T16:09:22.601Z" hostname="Mac.lan" time="11.128">
  <properties/>
  <testcase name="deleteItemFromShoppingCartTest" classname="com.homework.test.DeleteItem" time="11.128"/>
  <system-out><![CDATA[19:09:20.172 [Test worker] INFO  com.homework.test.TestBase -- Start testdeleteItemFromShoppingCartTest
19:09:33.730 [Test worker] INFO  com.homework.test.TestBase -- PasseddeleteItemFromShoppingCartTest
19:09:33.730 [Test worker] INFO  com.homework.test.TestBase -- Stop test
19:09:33.730 [Test worker] INFO  com.homework.test.TestBase -- *********************************
]]></system-out>
  <system-err><![CDATA[]]></system-err>
</testsuite>
